HeavyUnit получает урон от InfantryUnit
HeavyUnit совершает ход, атакуя InfantryUnit
HeavyUnit совершает ход, атакуя MageUnit
HeavyUnit совершает ход, атакуя MageUnit
HeavyUnit совершает ход, атакуя WalkCityUnit
HeavyUnit получает урон от ArcherUnit
HeavyUnit получает урон от InfantryUnit
HeavyUnit совершает ход, атакуя InfantryUnit
HeavyUnit получает урон от ArcherUnit
HeavyUnit совершает ход, атакуя ClericUnit
HeavyUnit получает урон от ClericUnit
HeavyUnit получает урон от ArcherUnit
HeavyUnit совершает ход, атакуя MageUnit
HeavyUnit совершает ход, атакуя MageUnit
HeavyUnit совершает ход, атакуя MageUnit
HeavyUnit совершает ход, атакуя HeavyUnit
HeavyUnit получает урон от HeavyUnit
HeavyUnit совершает ход, атакуя HeavyUnit
HeavyUnit получает урон от HeavyUnit
HeavyUnit совершает ход, атакуя MageUnit
HeavyUnit получает урон от ClericUnit
HeavyUnit совершает ход, атакуя ClericUnit
HeavyUnit совершает ход, атакуя MageUnit
HeavyUnit получает урон от ArcherUnit
HeavyUnit совершает ход, атакуя MageUnit
HeavyUnit получает урон от ArcherUnit
HeavyUnit совершает ход, атакуя ArcherUnit
HeavyUnit получает урон от ArcherUnit
HeavyUnit получает урон от ArcherUnit
HeavyUnit получает урон от ArcherUnit
HeavyUnit совершает ход, атакуя ArcherUnit
HeavyUnit получает урон от ArcherUnit
HeavyUnit совершает ход, атакуя ArcherUnit
HeavyUnit получает урон от ArcherUnit
HeavyUnit получает урон от ArcherUnit
HeavyUnit получает урон от ArcherUnit
HeavyUnit получает урон от ArcherUnit
HeavyUnit совершает ход, атакуя ArcherUnit
HeavyUnit получает урон от ArcherUnit
HeavyUnit совершает ход, атакуя HeavyUnit
HeavyUnit получает урон от HeavyUnit
HeavyUnit совершает ход, атакуя HeavyUnit
HeavyUnit получает урон от HeavyUnit
HeavyUnit совершает ход, атакуя HeavyUnit
HeavyUnit получает урон от HeavyUnit
HeavyUnit совершает ход, атакуя HeavyUnit
HeavyUnit получает урон от HeavyUnit
HeavyUnit совершает ход, атакуя HeavyUnit
HeavyUnit получает урон от HeavyUnit
HeavyUnit совершает ход, атакуя HeavyUnit
HeavyUnit получает урон от HeavyUnit
HeavyUnit совершает ход, атакуя HeavyUnit
HeavyUnit получает урон от HeavyUnit
HeavyUnit совершает ход, атакуя HeavyUnit
HeavyUnit получает урон от HeavyUnit
HeavyUnit совершает ход, атакуя HeavyUnit
HeavyUnit получает урон от HeavyUnit
HeavyUnit совершает ход, атакуя HeavyUnit
HeavyUnit получает урон от HeavyUnit
HeavyUnit совершает ход, атакуя HeavyUnit
HeavyUnit получает урон от HeavyUnit
HeavyUnit совершает ход, атакуя HeavyUnit
HeavyUnit получает урон от HeavyUnit
HeavyUnit совершает ход, атакуя HeavyUnit
HeavyUnit получает урон от HeavyUnit
HeavyUnit совершает ход, атакуя HeavyUnit
HeavyUnit получает урон от HeavyUnit
HeavyUnit совершает ход, атакуя HeavyUnit
HeavyUnit получает урон от HeavyUnit
HeavyUnit совершает ход, атакуя HeavyUnit
HeavyUnit получает урон от HeavyUnit
HeavyUnit совершает ход, атакуя HeavyUnit
HeavyUnit получает урон от HeavyUnit
HeavyUnit совершает ход, атакуя HeavyUnit
HeavyUnit получает урон от HeavyUnit
HeavyUnit совершает ход, атакуя HeavyUnit
HeavyUnit получает урон от HeavyUnit
HeavyUnit совершает ход, атакуя HeavyUnit
HeavyUnit получает урон от HeavyUnit
HeavyUnit совершает ход, атакуя HeavyUnit
HeavyUnit получает урон от HeavyUnit
HeavyUnit совершает ход, атакуя HeavyUnit
HeavyUnit получает урон от HeavyUnit
HeavyUnit совершает ход, атакуя HeavyUnit
HeavyUnit получает урон от HeavyUnit
HeavyUnit совершает ход, атакуя HeavyUnit
HeavyUnit получает урон от HeavyUnit
HeavyUnit совершает ход, атакуя HeavyUnit
HeavyUnit получает урон от HeavyUnit
HeavyUnit совершает ход, атакуя HeavyUnit
HeavyUnit получает урон от HeavyUnit
HeavyUnit совершает ход, атакуя HeavyUnit
HeavyUnit получает урон от HeavyUnit
HeavyUnit совершает ход, атакуя HeavyUnit
HeavyUnit получает урон от HeavyUnit
HeavyUnit совершает ход, атакуя HeavyUnit
HeavyUnit получает урон от HeavyUnit
HeavyUnit совершает ход, атакуя HeavyUnit
HeavyUnit получает урон от HeavyUnit
HeavyUnit совершает ход, атакуя HeavyUnit
HeavyUnit получает урон от HeavyUnit
HeavyUnit получает урон от ArcherUnit
HeavyUnit совершает ход, атакуя InfantryUnit
HeavyUnit получает урон от ArcherUnit
HeavyUnit получает урон от InfantryUnit
HeavyUnit совершает ход, атакуя ArcherUnit
HeavyUnit получает урон от InfantryUnit
HeavyUnit совершает ход, атакуя WalkCityUnit
HeavyUnit совершает ход, атакуя InfantryUnit
HeavyUnit получает урон от ArcherUnit
HeavyUnit получает урон от ArcherUnit
HeavyUnit совершает ход, атакуя InfantryUnit
HeavyUnit получает урон от InfantryUnit
HeavyUnit совершает ход, атакуя WalkCityUnit
HeavyUnit совершает ход, атакуя InfantryUnit
HeavyUnit получает урон от InfantryUnit
HeavyUnit совершает ход, атакуя ArcherUnit
HeavyUnit получает урон от ArcherUnit
HeavyUnit получает урон от ArcherUnit
HeavyUnit совершает ход, атакуя WalkCityUnit
HeavyUnit получает урон от ArcherUnit
HeavyUnit получает урон от ArcherUnit
HeavyUnit получает урон от ArcherUnit
HeavyUnit получает урон от ClericUnit
HeavyUnit совершает ход, атакуя ClericUnit
HeavyUnit получает урон от ClericUnit
HeavyUnit совершает ход, атакуя ClericUnit
HeavyUnit совершает ход, атакуя HeavyUnit
HeavyUnit получает урон от HeavyUnit
HeavyUnit совершает ход, атакуя HeavyUnit
HeavyUnit получает урон от HeavyUnit
HeavyUnit получает урон от ArcherUnit
HeavyUnit совершает ход, атакуя HeavyUnit
HeavyUnit получает урон от HeavyUnit
HeavyUnit совершает ход, атакуя HeavyUnit
HeavyUnit получает урон от HeavyUnit
HeavyUnit получает урон от ArcherUnit
HeavyUnit совершает ход, атакуя HeavyUnit
HeavyUnit получает урон от HeavyUnit
HeavyUnit совершает ход, атакуя HeavyUnit
HeavyUnit получает урон от HeavyUnit
HeavyUnit получает урон от ArcherUnit
HeavyUnit совершает ход, атакуя HeavyUnit
HeavyUnit получает урон от HeavyUnit
HeavyUnit совершает ход, атакуя HeavyUnit
HeavyUnit получает урон от HeavyUnit
HeavyUnit получает урон от ArcherUnit
HeavyUnit совершает ход, атакуя HeavyUnit
HeavyUnit получает урон от HeavyUnit
HeavyUnit совершает ход, атакуя HeavyUnit
HeavyUnit получает урон от HeavyUnit
HeavyUnit получает урон от ArcherUnit
HeavyUnit получает урон от InfantryUnit
HeavyUnit совершает ход, атакуя InfantryUnit
HeavyUnit совершает ход, атакуя InfantryUnit
HeavyUnit получает урон от InfantryUnit
HeavyUnit совершает ход, атакуя InfantryUnit
HeavyUnit получает урон от InfantryUnit
HeavyUnit совершает ход, атакуя MageUnit
HeavyUnit совершает ход, атакуя WalkCityUnit
HeavyUnit получает урон от ArcherUnit
HeavyUnit совершает ход, атакуя WalkCityUnit
HeavyUnit получает урон от ArcherUnit
HeavyUnit получает урон от ArcherUnit
HeavyUnit совершает ход, атакуя WalkCityUnit
HeavyUnit получает урон от ArcherUnit
HeavyUnit получает урон от ArcherUnit
HeavyUnit совершает ход, атакуя WalkCityUnit
HeavyUnit получает урон от ArcherUnit
HeavyUnit получает урон от ArcherUnit
HeavyUnit совершает ход, атакуя WalkCityUnit
HeavyUnit получает урон от ArcherUnit
HeavyUnit получает урон от ArcherUnit
HeavyUnit совершает ход, атакуя ArcherUnit
HeavyUnit получает урон от ArcherUnit
HeavyUnit получает урон от ArcherUnit
HeavyUnit получает урон от ArcherUnit
HeavyUnit совершает ход, атакуя ArcherUnit
HeavyUnit получает урон от ArcherUnit
HeavyUnit получает урон от InfantryUnit
HeavyUnit совершает ход, атакуя InfantryUnit
HeavyUnit получает урон от ArcherUnit
HeavyUnit получает урон от InfantryUnit
HeavyUnit получает урон от ArcherUnit
HeavyUnit совершает ход, атакуя ArcherUnit
HeavyUnit получает урон от ArcherUnit
HeavyUnit совершает ход, атакуя ArcherUnit
HeavyUnit совершает ход, атакуя ArcherUnit
HeavyUnit получает урон от ArcherUnit
HeavyUnit совершает ход, атакуя ArcherUnit
HeavyUnit совершает ход, атакуя WalkCityUnit
HeavyUnit совершает ход, атакуя WalkCityUnit
HeavyUnit совершает ход, атакуя WalkCityUnit
HeavyUnit совершает ход, атакуя WalkCityUnit
HeavyUnit совершает ход, атакуя WalkCityUnit
HeavyUnit совершает ход, атакуя WalkCityUnit
HeavyUnit совершает ход, атакуя WalkCityUnit
HeavyUnit совершает ход, атакуя WalkCityUnit
HeavyUnit совершает ход, атакуя WalkCityUnit
HeavyUnit совершает ход, атакуя WalkCityUnit
HeavyUnit совершает ход, атакуя WalkCityUnit
HeavyUnit совершает ход, атакуя WalkCityUnit
HeavyUnit совершает ход, атакуя WalkCityUnit
HeavyUnit получает урон от InfantryUnit
HeavyUnit совершает ход, атакуя InfantryUnit
HeavyUnit получает урон от InfantryUnit
HeavyUnit совершает ход, атакуя InfantryUnit
HeavyUnit получает урон от InfantryUnit
HeavyUnit совершает ход, атакуя InfantryUnit
HeavyUnit получает урон от InfantryUnit
